<?xml version="1.0" encoding="UTF-8"?>
<!-- Generated by org.testng.reporters.JUnitXMLReporter -->
<testsuite ignored="9" hostname="LAPTOP-RR8B7H26" failures="1" tests="2" name="Test" time="161.399" errors="0" timestamp="2024-12-10T13:51:56 IST">
  <testcase classname="com.co.testlayer.RunCreateOrder" name="testCreateOrderFunctionality" time="53.389">
    <failure type="java.lang.AssertionError" message="expected [false] but found [true]">
      <![CDATA[java.lang.AssertionError: expected [false] but found [true]
at com.co.utils.ProjectFunctions.fieldResultOnItemAddButton(ProjectFunctions.java:232)
at com.co.core.CreateOrder.checkAlertIsPresentForAddItemButton(CreateOrder.java:79)
at com.co.core.CreateOrder.verifyCreateOrderFunctionality(CreateOrder.java:235)
at com.co.testlayer.RunCreateOrder.testCreateOrderFunctionality(RunCreateOrder.java:29)
at java.base/java.util.ArrayList.forEach(ArrayList.java:1597)
... Removed 29 stack frames]]>
    </failure>
  </testcase> <!-- testCreateOrderFunctionality -->
  <testcase classname="com.co.testlayer.RunCreateOrder" name="testVerifyCreateOrderFunctionalityWithAddingStoneDetails" time="86.283"/>
  <testcase classname="com.co.testlayer.RunCreateOrderE2E" name="testVerifyHOLogin2Functionality" time="0.0">
    <ignored/>
  </testcase> <!-- testVerifyHOLogin2Functionality -->
  <testcase classname="com.co.utils.MasterClass" name="@AfterSuite postSuiteHandler" time="0.0">
    <ignored/>
  </testcase> <!-- @AfterSuite postSuiteHandler -->
  <testcase classname="com.co.testlayer.RunCreateOrderE2E" name="testVerifyVendorLogin2Functionality" time="0.0">
    <ignored/>
  </testcase> <!-- testVerifyVendorLogin2Functionality -->
  <testcase classname="com.co.testlayer.RunCreateOrderE2E" name="testCreateOrderFunctionality" time="0.0">
    <ignored/>
  </testcase> <!-- testCreateOrderFunctionality -->
  <testcase classname="com.co.testlayer.RunCreateOrderE2E" name="testVerifyHoLogin3Functionality" time="0.0">
    <ignored/>
  </testcase> <!-- testVerifyHoLogin3Functionality -->
  <testcase classname="com.co.utils.MasterClass" name="@BeforeSuite preSuiteHandler" time="0.0">
    <ignored/>
  </testcase> <!-- @BeforeSuite preSuiteHandler -->
  <testcase classname="com.co.testlayer.RunCreateOrderE2E" name="testVerifyHOLoginFunctionality" time="0.0">
    <ignored/>
  </testcase> <!-- testVerifyHOLoginFunctionality -->
  <testcase classname="com.co.testlayer.RunCreateOrderE2E" name="testVerifySP2Functionality" time="0.0">
    <ignored/>
  </testcase> <!-- testVerifySP2Functionality -->
  <testcase classname="com.co.testlayer.RunCreateOrderE2E" name="testVerifyVendorLoginFunctionality" time="0.0">
    <ignored/>
  </testcase> <!-- testVerifyVendorLoginFunctionality -->
</testsuite> <!-- Test -->
